# JRE version: OpenJDK Runtime Environment (17.0.6) (build 17.0.6+0-b2043.56-9586694)
# Java VM: OpenJDK 64-Bit Server VM (17.0.6+0-b2043.56-9586694, mixed mode, tiered, compressed oops, compressed class ptrs, g1 gc, windows-amd64)
GC Precious Log:
 CPUs: 12 total, 12 available
 Memory: 16125M
 Large Page Support: Disabled
 NUMA Support: Disabled
 Compressed Oops: Enabled (32-bit)
 Heap Region Size: 1M
 Heap Min Capacity: 8M
 Heap Initial Capacity: 252M
 Heap Max Capacity: 2G
 Pre-touch: Disabled
 Parallel Workers: 10
 Concurrent Workers: 3
 Concurrent Refinement Workers: 10
 Periodic GC: Disabled
Heap:
 garbage-first heap   total 358400K, used 238734K [0x0000000080000000, 0x0000000100000000)
  region size 1024K, 8 young (8192K), 8 survivors (8192K)
 Metaspace       used 107644K, committed 108544K, reserved 1146880K
  class space    used 14447K, committed 14848K, reserved 1048576K
GC Heap History (20 events):
Event: 10.173 GC heap after
{Heap after GC invocations=60 (full 0):
 garbage-first heap   total 329728K, used 185705K [0x0000000080000000, 0x0000000100000000)
  region size 1024K, 2 young (2048K), 2 survivors (2048K)
 Metaspace       used 88300K, committed 89024K, reserved 1130496K
  class space    used 11974K, committed 12288K, reserved 1048576K
}
Event: 10.817 GC heap before
{Heap before GC invocations=60 (full 0):
 garbage-first heap   total 329728K, used 272745K [0x0000000080000000, 0x0000000100000000)
  region size 1024K, 88 young (90112K), 2 survivors (2048K)
 Metaspace       used 99211K, committed 100032K, reserved 1138688K
  class space    used 13428K, committed 13760K, reserved 1048576K
}
Event: 10.820 GC heap after
{Heap after GC invocations=61 (full 0):
 garbage-first heap   total 329728K, used 190666K [0x0000000080000000, 0x0000000100000000)
  region size 1024K, 7 young (7168K), 7 survivors (7168K)
 Metaspace       used 99211K, committed 100032K, reserved 1138688K
  class space    used 13428K, committed 13760K, reserved 1048576K
}
Event: 11.028 GC heap before
{Heap before GC invocations=62 (full 0):
 garbage-first heap   total 329728K, used 272586K [0x0000000080000000, 0x0000000100000000)
  region size 1024K, 88 young (90112K), 7 survivors (7168K)
 Metaspace       used 99712K, committed 100416K, reserved 1138688K
  class space    used 13457K, committed 13760K, reserved 1048576K
}
Event: 11.032 GC heap after
{Heap after GC invocations=63 (full 0):
 garbage-first heap   total 329728K, used 197579K [0x0000000080000000, 0x0000000100000000)
  region size 1024K, 8 young (8192K), 8 survivors (8192K)
 Metaspace       used 99712K, committed 100416K, reserved 1138688K
  class space    used 13457K, committed 13760K, reserved 1048576K
}
Event: 11.040 GC heap before
{Heap before GC invocations=63 (full 0):
 garbage-first heap   total 329728K, used 204747K [0x0000000080000000, 0x0000000100000000)
  region size 1024K, 16 young (16384K), 8 survivors (8192K)
 Metaspace       used 99724K, committed 100480K, reserved 1138688K
  class space    used 13457K, committed 13760K, reserved 1048576K
}
Event: 11.042 GC heap after
{Heap after GC invocations=64 (full 0):
 garbage-first heap   total 329728K, used 196608K [0x0000000080000000, 0x0000000100000000)
  region size 1024K, 2 young (2048K), 2 survivors (2048K)
 Metaspace       used 99724K, committed 100480K, reserved 1138688K
  class space    used 13457K, committed 13760K, reserved 1048576K
}
Event: 11.153 GC heap before
{Heap before GC invocations=64 (full 0):
 garbage-first heap   total 329728K, used 272384K [0x0000000080000000, 0x0000000100000000)
  region size 1024K, 77 young (78848K), 2 survivors (2048K)
 Metaspace       used 100235K, committed 100992K, reserved 1138688K
  class space    used 13494K, committed 13824K, reserved 1048576K
}
Event: 11.155 GC heap after
{Heap after GC invocations=65 (full 0):
 garbage-first heap   total 329728K, used 202618K [0x0000000080000000, 0x0000000100000000)
  region size 1024K, 8 young (8192K), 8 survivors (8192K)
 Metaspace       used 100235K, committed 100992K, reserved 1138688K
  class space    used 13494K, committed 13824K, reserved 1048576K
}
Event: 11.361 GC heap before
{Heap before GC invocations=66 (full 0):
 garbage-first heap   total 358400K, used 274298K [0x0000000080000000, 0x0000000100000000)
  region size 1024K, 79 young (80896K), 8 survivors (8192K)
 Metaspace       used 101459K, committed 102208K, reserved 1138688K
  class space    used 13632K, committed 13952K, reserved 1048576K
}
Event: 11.364 GC heap after
{Heap after GC invocations=67 (full 0):
 garbage-first heap   total 358400K, used 206933K [0x0000000080000000, 0x0000000100000000)
  region size 1024K, 7 young (7168K), 7 survivors (7168K)
 Metaspace       used 101459K, committed 102208K, reserved 1138688K
  class space    used 13632K, committed 13952K, reserved 1048576K
}
Event: 11.429 GC heap before
{Heap before GC invocations=67 (full 0):
 garbage-first heap   total 358400K, used 216149K [0x0000000080000000, 0x0000000100000000)
  region size 1024K, 17 young (17408K), 7 survivors (7168K)
 Metaspace       used 101582K, committed 102336K, reserved 1138688K
  class space    used 13641K, committed 13952K, reserved 1048576K
}
Event: 11.431 GC heap after
{Heap after GC invocations=68 (full 0):
 garbage-first heap   total 358400K, used 205546K [0x0000000080000000, 0x0000000100000000)
  region size 1024K, 2 young (2048K), 2 survivors (2048K)
 Metaspace       used 101582K, committed 102336K, reserved 1138688K
  class space    used 13641K, committed 13952K, reserved 1048576K
}
Event: 37.228 GC heap before
{Heap before GC invocations=68 (full 0):
 garbage-first heap   total 358400K, used 297706K [0x0000000080000000, 0x0000000100000000)
  region size 1024K, 92 young (94208K), 2 survivors (2048K)
 Metaspace       used 105975K, committed 106880K, reserved 1146880K
  class space    used 14207K, committed 14592K, reserved 1048576K
}
Event: 37.232 GC heap after
{Heap after GC invocations=69 (full 0):
 garbage-first heap   total 358400K, used 214600K [0x0000000080000000, 0x0000000100000000)
  region size 1024K, 11 young (11264K), 11 survivors (11264K)
 Metaspace       used 105975K, committed 106880K, reserved 1146880K
  class space    used 14207K, committed 14592K, reserved 1048576K
}
Event: 37.459 GC heap before
{Heap before GC invocations=69 (full 0):
 garbage-first heap   total 358400K, used 296520K [0x0000000080000000, 0x0000000100000000)
  region size 1024K, 92 young (94208K), 11 survivors (11264K)
 Metaspace       used 107145K, committed 108032K, reserved 1146880K
  class space    used 14385K, committed 14784K, reserved 1048576K
}
Event: 37.466 GC heap after
{Heap after GC invocations=70 (full 0):
 garbage-first heap   total 358400K, used 226119K [0x0000000080000000, 0x0000000100000000)
  region size 1024K, 12 young (12288K), 12 survivors (12288K)
 Metaspace       used 107145K, committed 108032K, reserved 1146880K
  class space    used 14385K, committed 14784K, reserved 1048576K
}
Event: 37.588 GC heap before
{Heap before GC invocations=70 (full 0):
 garbage-first heap   total 358400K, used 296775K [0x0000000080000000, 0x0000000100000000)
  region size 1024K, 82 young (83968K), 12 survivors (12288K)
 Metaspace       used 107481K, committed 108352K, reserved 1146880K
  class space    used 14432K, committed 14848K, reserved 1048576K
}
Event: 37.593 GC heap after
{Heap after GC invocations=71 (full 0):
 garbage-first heap   total 358400K, used 233642K [0x0000000080000000, 0x0000000100000000)
  region size 1024K, 8 young (8192K), 8 survivors (8192K)
 Metaspace       used 107481K, committed 108352K, reserved 1146880K
  class space    used 14432K, committed 14848K, reserved 1048576K
}
Event: 37.704 GC heap before
{Heap before GC invocations=71 (full 0):
 garbage-first heap   total 358400K, used 298154K [0x0000000080000000, 0x0000000100000000)
  region size 1024K, 72 young (73728K), 8 survivors (8192K)
 Metaspace       used 107644K, committed 108544K, reserved 1146880K
  class space    used 14447K, committed 14848K, reserved 1048576K
}

